{
  "RSpec": {
    "coverage": {
      "/Users/alexanderchristensen/Projects/software-udvikling/assignments/bachelor-project/munchora/backend/auth-service/app/controllers/api/v1/auth_controller.rb": {
        "lines": [
          1,
          1,
          null,
          1,
          0,
          0,
          null,
          null,
          1,
          0,
          null,
          0,
          null,
          0,
          null,
          0,
          0,
          null,
          0,
          0,
          null,
          0,
          0,
          null,
          0,
          null,
          null,
          null,
          null,
          1,
          1,
          null,
          1,
          1,
          null,
          0,
          null,
          null,
          null,
          1,
          0,
          null,
          0,
          0,
          0,
          0,
          null,
          0,
          null,
          0,
          null,
          null,
          null,
          1,
          0,
          null,
          0,
          null,
          null,
          1,
          null,
          1,
          0,
          0,
          0,
          null,
          0,
          null,
          null,
          1,
          0,
          null,
          null,
          null,
          null,
          null,
          null,
          null,
          null,
          null
        ],
        "branches": {
          "[:if, 0, 19, 4, 27, 7]": {
            "[:then, 1, 20, 6, 20, 45]": 0,
            "[:else, 2, 22, 6, 26, 9]": 0
          },
          "[:if, 3, 22, 6, 26, 9]": {
            "[:then, 4, 23, 8, 23, 43]": 0,
            "[:else, 5, 25, 8, 25, 48]": 0
          },
          "[:if, 6, 33, 4, 37, 7]": {
            "[:then, 7, 34, 6, 34, 41]": 1,
            "[:else, 8, 36, 6, 36, 67]": 0
          },
          "[:if, 9, 43, 4, 51, 7]": {
            "[:then, 10, 44, 6, 48, 47]": 0,
            "[:else, 11, 50, 6, 50, 80]": 0
          }
        }
      },
      "/Users/alexanderchristensen/Projects/software-udvikling/assignments/bachelor-project/munchora/backend/auth-service/app/controllers/application_controller.rb": {
        "lines": [
          1,
          1,
          1,
          null,
          1,
          null,
          1,
          null,
          1,
          null,
          0,
          null,
          0,
          0,
          null,
          0,
          null,
          0,
          null,
          null,
          null,
          null,
          0,
          null,
          0,
          0,
          null,
          null,
          null,
          1,
          0,
          null,
          null,
          1,
          0,
          null,
          0,
          0,
          null,
          null,
          0,
          0,
          0,
          null,
          null,
          0,
          null,
          0,
          0,
          null,
          null,
          0,
          null,
          null,
          0,
          null,
          null,
          1,
          1,
          null,
          1,
          0,
          0,
          null,
          null,
          1,
          1,
          null,
          1,
          1,
          null,
          1,
          null,
          0,
          null,
          null,
          1,
          0,
          0,
          0,
          null,
          null,
          null,
          1,
          null,
          1,
          1,
          null,
          null,
          null,
          0,
          null,
          0,
          null,
          null,
          null,
          1,
          0,
          null,
          null
        ],
        "branches": {
          "[:if, 0, 9, 2, 27, 5]": {
            "[:then, 1, 11, 4, 26, 118]": 0,
            "[:else, 2, 9, 2, 27, 5]": 1
          },
          "[:if, 3, 18, 12, 18, 81]": {
            "[:then, 4, 18, 33, 18, 58]": 0,
            "[:else, 5, 18, 61, 18, 81]": 0
          },
          "[:if, 6, 37, 4, 39, 7]": {
            "[:then, 7, 38, 6, 38, 74]": 0,
            "[:else, 8, 37, 4, 39, 7]": 0
          },
          "[:if, 9, 42, 4, 44, 7]": {
            "[:then, 10, 43, 6, 43, 74]": 0,
            "[:else, 11, 42, 4, 44, 7]": 0
          },
          "[:unless, 12, 48, 4, 50, 7]": {
            "[:else, 13, 48, 4, 50, 7]": 0,
            "[:then, 14, 49, 6, 49, 67]": 0
          },
          "[:\"&.\", 15, 52, 35, 52, 51]": {
            "[:then, 16, 52, 35, 52, 51]": 0,
            "[:else, 17, 52, 35, 52, 51]": 0
          },
          "[:if, 18, 61, 4, 64, 7]": {
            "[:then, 19, 62, 6, 63, 12]": 0,
            "[:else, 20, 61, 4, 64, 7]": 1
          },
          "[:if, 21, 67, 4, 67, 36]": {
            "[:then, 22, 67, 4, 67, 14]": 0,
            "[:else, 23, 67, 4, 67, 36]": 1
          },
          "[:if, 24, 70, 4, 70, 46]": {
            "[:then, 25, 70, 4, 70, 14]": 0,
            "[:else, 26, 70, 4, 70, 46]": 1
          },
          "[:\"&.\", 27, 79, 11, 79, 30]": {
            "[:then, 28, 79, 11, 79, 30]": 0,
            "[:else, 29, 79, 11, 79, 30]": 0
          },
          "[:unless, 30, 79, 4, 81, 7]": {
            "[:else, 31, 79, 4, 81, 7]": 0,
            "[:then, 32, 80, 6, 80, 80]": 0
          },
          "[:\"&.\", 33, 80, 32, 80, 51]": {
            "[:then, 34, 80, 32, 80, 51]": 0,
            "[:else, 35, 80, 32, 80, 51]": 0
          },
          "[:unless, 36, 80, 6, 80, 80]": {
            "[:else, 37, 80, 6, 80, 80]": 0,
            "[:then, 38, 80, 6, 80, 24]": 0
          },
          "[:unless, 39, 87, 4, 87, 60]": {
            "[:else, 40, 87, 4, 87, 60]": 0,
            "[:then, 41, 87, 4, 87, 10]": 1
          },
          "[:unless, 42, 91, 6, 91, 65]": {
            "[:else, 43, 91, 6, 91, 65]": 0,
            "[:then, 44, 91, 6, 91, 34]": 0
          }
        }
      },
      "/Users/alexanderchristensen/Projects/software-udvikling/assignments/bachelor-project/munchora/backend/auth-service/app/controllers/concerns/error_handling.rb": {
        "lines": [
          1,
          1,
          null,
          1,
          null,
          1,
          1,
          1,
          1,
          1,
          null,
          null,
          1,
          null,
          null,
          1,
          null,
          1,
          0,
          null,
          null,
          1,
          null,
          0,
          0,
          null,
          null,
          1,
          0,
          null,
          null,
          1,
          0,
          null,
          null,
          1,
          0,
          0,
          0,
          null,
          null,
          1,
          0,
          null,
          null,
          null,
          null,
          null,
          null,
          null,
          null
        ],
        "branches": {
          "[:unless, 0, 13, 4, 13, 89]": {
            "[:else, 1, 13, 4, 13, 89]": 0,
            "[:then, 2, 13, 4, 13, 59]": 1
          }
        }
      },
      "/Users/alexanderchristensen/Projects/software-udvikling/assignments/bachelor-project/munchora/backend/auth-service/app/services/auth/json_web_token.rb": {
        "lines": [
          1,
          1,
          null,
          null,
          null,
          1,
          null,
          null,
          null,
          1,
          1,
          1,
          null,
          null,
          1,
          0,
          0,
          null,
          null,
          1,
          1,
          1,
          null,
          0,
          0,
          null,
          null
        ],
        "branches": {}
      },
      "/Users/alexanderchristensen/Projects/software-udvikling/assignments/bachelor-project/munchora/backend/auth-service/app/models/user.rb": {
        "lines": [
          1,
          1,
          null,
          5,
          null,
          1,
          1,
          1,
          null,
          null,
          3,
          3,
          1,
          null,
          null,
          1,
          null,
          1,
          1,
          null,
          0,
          null,
          null,
          null,
          1,
          3,
          null,
          1,
          null,
          1,
          null,
          null,
          null,
          null,
          null,
          null,
          null,
          null,
          null,
          null,
          null,
          null,
          null,
          null,
          null,
          null,
          1,
          1,
          null,
          null,
          null,
          null
        ],
        "branches": {
          "[:if, 0, 18, 4, 22, 7]": {
            "[:then, 1, 19, 6, 19, 33]": 1,
            "[:else, 2, 21, 6, 21, 16]": 0
          }
        }
      },
      "/Users/alexanderchristensen/Projects/software-udvikling/assignments/bachelor-project/munchora/backend/auth-service/app/models/application_record.rb": {
        "lines": [
          1,
          1,
          null
        ],
        "branches": {}
      },
      "/Users/alexanderchristensen/Projects/software-udvikling/assignments/bachelor-project/munchora/backend/auth-service/app/controllers/api/v1/users_controller.rb": {
        "lines": [
          0,
          0,
          null,
          null,
          0,
          0,
          0,
          0,
          null,
          0,
          null,
          0,
          0,
          0,
          0,
          0,
          0,
          0,
          0,
          0,
          null,
          null,
          0,
          0,
          null,
          0,
          null,
          0,
          0,
          null,
          0,
          0,
          0,
          null,
          0,
          0,
          0,
          0,
          null,
          0,
          0,
          0,
          0,
          0,
          0,
          0,
          null,
          0,
          0,
          0,
          0,
          0,
          0,
          0,
          null,
          0,
          0,
          0,
          0,
          0,
          0,
          0,
          0,
          null,
          0,
          0,
          null,
          0,
          0,
          0,
          0,
          0,
          0,
          null,
          0,
          0,
          0,
          0,
          0,
          0,
          0,
          0,
          0,
          0,
          0,
          0,
          0,
          null,
          0,
          null,
          0,
          0,
          0,
          null,
          0,
          0,
          0,
          0
        ],
        "branches": {}
      },
      "/Users/alexanderchristensen/Projects/software-udvikling/assignments/bachelor-project/munchora/backend/auth-service/app/jobs/application_job.rb": {
        "lines": [
          0,
          null,
          null,
          null,
          null,
          null,
          0
        ],
        "branches": {}
      },
      "/Users/alexanderchristensen/Projects/software-udvikling/assignments/bachelor-project/munchora/backend/auth-service/app/mailers/application_mailer.rb": {
        "lines": [
          0,
          0,
          0,
          0
        ],
        "branches": {}
      },
      "/Users/alexanderchristensen/Projects/software-udvikling/assignments/bachelor-project/munchora/backend/auth-service/app/services/auth/google_auth_service.rb": {
        "lines": [
          0,
          0,
          0,
          0,
          0,
          0,
          0,
          0,
          0,
          0,
          0,
          null,
          0,
          0,
          null,
          0,
          null,
          0,
          0,
          0,
          0,
          0,
          0,
          0,
          null,
          0,
          0,
          0,
          null,
          null,
          0,
          0,
          0,
          0,
          0,
          0,
          0,
          0,
          0,
          0,
          null,
          null,
          0,
          0,
          0,
          null,
          0,
          null,
          0,
          0,
          0,
          null,
          0,
          0,
          0,
          0,
          0,
          0,
          0,
          0,
          0,
          0,
          0,
          0,
          0,
          0
        ],
        "branches": {}
      },
      "/Users/alexanderchristensen/Projects/software-udvikling/assignments/bachelor-project/munchora/backend/auth-service/app/services/image_upload/processor.rb": {
        "lines": [
          0,
          0,
          0,
          null,
          0,
          null,
          0,
          0,
          0,
          0,
          0,
          null,
          0,
          0,
          0,
          0,
          0,
          null,
          0,
          null,
          0,
          0,
          0,
          null,
          0,
          null,
          0,
          0,
          null,
          0,
          0,
          null,
          0,
          null,
          0,
          0,
          0,
          null,
          0,
          0,
          0,
          0
        ],
        "branches": {}
      },
      "/Users/alexanderchristensen/Projects/software-udvikling/assignments/bachelor-project/munchora/backend/auth-service/app/services/users/users_search_service.rb": {
        "lines": [
          0,
          0,
          0,
          0,
          0,
          0,
          null,
          0,
          0,
          null,
          0,
          0,
          0,
          0,
          0,
          0,
          0,
          null,
          0,
          null,
          0,
          0,
          0,
          0,
          0,
          0,
          0,
          0,
          0
        ],
        "branches": {}
      },
      "/Users/alexanderchristensen/Projects/software-udvikling/assignments/bachelor-project/munchora/backend/auth-service/app/services/users/users_uploads_service.rb": {
        "lines": [
          0,
          0,
          0,
          0,
          0,
          0,
          0,
          null,
          0,
          0,
          null,
          0,
          0,
          null,
          0,
          0,
          null,
          0,
          0,
          null,
          0,
          0,
          0,
          0,
          0,
          0,
          0
        ],
        "branches": {}
      }
    },
    "timestamp": 1774710075
  }
}
