{
  "RSpec": {
    "coverage": {
      "/Users/alexanderchristensen/Projects/software-udvikling/assignments/bachelor-project/munchora/backend/auth-service/app/models/user.rb": {
        "lines": [
          1,
          5705,
          null,
          1,
          1,
          1,
          null,
          null,
          2853,
          2853,
          1,
          null,
          null,
          1,
          null,
          1422,
          1419,
          null,
          3,
          null,
          null,
          null,
          1,
          2845,
          null,
          1,
          null,
          24,
          null,
          null,
          null,
          null,
          null,
          null,
          null,
          null,
          null,
          null,
          null,
          null,
          null,
          null,
          null,
          null,
          1,
          115,
          null,
          null,
          null,
          null
        ],
        "branches": {
          "[:if, 0, 16, 4, 20, 7]": {
            "[:then, 1, 17, 6, 17, 33]": 1419,
            "[:else, 2, 19, 6, 19, 16]": 3
          }
        }
      },
      "/Users/alexanderchristensen/Projects/software-udvikling/assignments/bachelor-project/munchora/backend/auth-service/app/models/application_record.rb": {
        "lines": [
          1,
          1,
          null
        ],
        "branches": {}
      },
      "/Users/alexanderchristensen/Projects/software-udvikling/assignments/bachelor-project/munchora/backend/auth-service/app/controllers/api/v1/users_controller.rb": {
        "lines": [
          1,
          1,
          null,
          null,
          1,
          18,
          1,
          null,
          null,
          17,
          null,
          17,
          null,
          null,
          null,
          null,
          null,
          null,
          null,
          null,
          null,
          null,
          1,
          0,
          null,
          0,
          null,
          0,
          null,
          null,
          1,
          2,
          null,
          null,
          1,
          9,
          1,
          null,
          null,
          8,
          8,
          5,
          null,
          3,
          null,
          null,
          null,
          1,
          4,
          3,
          null,
          1,
          null,
          null,
          null,
          1,
          0,
          0,
          0,
          null,
          0,
          null,
          null,
          null,
          1,
          0,
          null,
          0,
          0,
          null,
          0,
          null,
          null,
          null,
          1,
          0,
          0,
          0,
          0,
          0,
          null,
          0,
          null,
          null,
          0,
          null,
          null,
          null,
          1,
          null,
          1,
          4,
          null,
          null,
          1,
          8,
          null,
          null
        ],
        "branches": {
          "[:if, 0, 6, 4, 8, 7]": {
            "[:then, 1, 7, 6, 7, 103]": 1,
            "[:else, 2, 6, 4, 8, 7]": 17
          },
          "[:if, 3, 36, 4, 38, 7]": {
            "[:then, 4, 37, 6, 37, 75]": 1,
            "[:else, 5, 36, 4, 38, 7]": 8
          },
          "[:if, 6, 41, 4, 45, 7]": {
            "[:then, 7, 42, 6, 42, 41]": 5,
            "[:else, 8, 44, 6, 44, 87]": 3
          },
          "[:if, 9, 49, 4, 53, 7]": {
            "[:then, 10, 50, 6, 50, 31]": 3,
            "[:else, 11, 52, 6, 52, 95]": 1
          },
          "[:if, 12, 58, 4, 62, 7]": {
            "[:then, 13, 59, 6, 59, 32]": 0,
            "[:else, 14, 61, 6, 61, 86]": 0
          },
          "[:if, 15, 68, 4, 72, 7]": {
            "[:then, 16, 69, 6, 69, 51]": 0,
            "[:else, 17, 71, 6, 71, 74]": 0
          },
          "[:if, 18, 76, 4, 86, 7]": {
            "[:then, 19, 77, 6, 83, 9]": 0,
            "[:else, 20, 85, 6, 85, 67]": 0
          },
          "[:if, 21, 77, 6, 83, 9]": {
            "[:then, 22, 78, 8, 80, 51]": 0,
            "[:else, 23, 82, 8, 82, 85]": 0
          }
        }
      },
      "/Users/alexanderchristensen/Projects/software-udvikling/assignments/bachelor-project/munchora/backend/auth-service/app/controllers/application_controller.rb": {
        "lines": [
          1,
          1,
          1,
          null,
          1,
          null,
          1,
          null,
          1,
          null,
          0,
          null,
          0,
          0,
          null,
          0,
          null,
          0,
          null,
          null,
          null,
          null,
          0,
          null,
          0,
          0,
          null,
          null,
          null,
          1,
          0,
          null,
          null,
          1,
          27,
          null,
          27,
          3,
          null,
          null,
          24,
          24,
          0,
          null,
          null,
          24,
          null,
          24,
          0,
          null,
          null,
          0,
          null,
          null,
          1,
          0,
          null,
          0,
          0,
          0,
          null,
          null,
          0,
          0,
          0,
          null,
          null,
          0,
          null,
          null,
          0,
          null,
          null,
          1,
          0,
          0,
          0,
          null,
          null,
          null,
          1,
          null,
          1,
          37,
          null,
          null,
          null,
          14,
          null,
          1,
          null,
          null,
          null,
          1,
          0,
          null,
          null
        ],
        "branches": {
          "[:if, 0, 9, 2, 27, 5]": {
            "[:then, 1, 11, 4, 26, 127]": 0,
            "[:else, 2, 9, 2, 27, 5]": 1
          },
          "[:if, 3, 18, 21, 18, 90]": {
            "[:then, 4, 18, 42, 18, 67]": 0,
            "[:else, 5, 18, 70, 18, 90]": 0
          },
          "[:if, 6, 37, 4, 39, 7]": {
            "[:then, 7, 38, 6, 38, 74]": 3,
            "[:else, 8, 37, 4, 39, 7]": 24
          },
          "[:if, 9, 42, 4, 44, 7]": {
            "[:then, 10, 43, 6, 43, 74]": 0,
            "[:else, 11, 42, 4, 44, 7]": 24
          },
          "[:unless, 12, 48, 4, 50, 7]": {
            "[:else, 13, 48, 4, 50, 7]": 24,
            "[:then, 14, 49, 6, 49, 67]": 0
          },
          "[:if, 15, 58, 4, 61, 7]": {
            "[:then, 16, 59, 6, 60, 12]": 0,
            "[:else, 17, 58, 4, 61, 7]": 0
          },
          "[:if, 18, 64, 4, 66, 7]": {
            "[:then, 19, 65, 6, 65, 16]": 0,
            "[:else, 20, 64, 4, 66, 7]": 0
          },
          "[:\"&.\", 21, 76, 11, 76, 30]": {
            "[:then, 22, 76, 11, 76, 30]": 0,
            "[:else, 23, 76, 11, 76, 30]": 0
          },
          "[:unless, 24, 76, 4, 78, 7]": {
            "[:else, 25, 76, 4, 78, 7]": 0,
            "[:then, 26, 77, 6, 77, 80]": 0
          },
          "[:\"&.\", 27, 77, 32, 77, 51]": {
            "[:then, 28, 77, 32, 77, 51]": 0,
            "[:else, 29, 77, 32, 77, 51]": 0
          },
          "[:unless, 30, 77, 6, 77, 80]": {
            "[:else, 31, 77, 6, 77, 80]": 0,
            "[:then, 32, 77, 6, 77, 24]": 0
          },
          "[:unless, 33, 84, 4, 84, 60]": {
            "[:else, 34, 84, 4, 84, 60]": 14,
            "[:then, 35, 84, 4, 84, 10]": 23
          },
          "[:unless, 36, 88, 6, 88, 65]": {
            "[:else, 37, 88, 6, 88, 65]": 1,
            "[:then, 38, 88, 6, 88, 34]": 13
          }
        }
      },
      "/Users/alexanderchristensen/Projects/software-udvikling/assignments/bachelor-project/munchora/backend/auth-service/app/controllers/concerns/error_handling.rb": {
        "lines": [
          1,
          1,
          null,
          1,
          null,
          1,
          1,
          1,
          1,
          1,
          null,
          null,
          1,
          null,
          null,
          1,
          null,
          1,
          0,
          null,
          null,
          1,
          null,
          0,
          0,
          null,
          null,
          1,
          0,
          null,
          null,
          1,
          0,
          null,
          null,
          1,
          0,
          0,
          0,
          null,
          null,
          1,
          2,
          null,
          null,
          null,
          null,
          null,
          null,
          null,
          null
        ],
        "branches": {
          "[:unless, 0, 13, 4, 13, 89]": {
            "[:else, 1, 13, 4, 13, 89]": 0,
            "[:then, 2, 13, 4, 13, 59]": 1
          }
        }
      },
      "/Users/alexanderchristensen/Projects/software-udvikling/assignments/bachelor-project/munchora/backend/auth-service/app/services/auth/json_web_token.rb": {
        "lines": [
          1,
          1,
          null,
          null,
          null,
          1,
          null,
          null,
          null,
          1,
          24,
          24,
          null,
          null,
          1,
          0,
          0,
          null,
          null,
          1,
          24,
          24,
          null,
          0,
          0,
          null,
          null
        ],
        "branches": {}
      },
      "/Users/alexanderchristensen/Projects/software-udvikling/assignments/bachelor-project/munchora/backend/auth-service/app/services/users/users_search_service.rb": {
        "lines": [
          1,
          1,
          17,
          17,
          17,
          null,
          null,
          1,
          17,
          null,
          17,
          6,
          6,
          null,
          null,
          null,
          null,
          null,
          17,
          null,
          null,
          17,
          null,
          null,
          null,
          null,
          null,
          null,
          null
        ],
        "branches": {
          "[:if, 0, 11, 4, 17, 7]": {
            "[:then, 1, 12, 6, 16, 7]": 6,
            "[:else, 2, 11, 4, 17, 7]": 11
          }
        }
      },
      "/Users/alexanderchristensen/Projects/software-udvikling/assignments/bachelor-project/munchora/backend/auth-service/app/controllers/api/v1/auth_controller.rb": {
        "lines": [
          0,
          0,
          null,
          0,
          0,
          0,
          0,
          null,
          0,
          0,
          null,
          0,
          null,
          0,
          null,
          0,
          0,
          null,
          0,
          0,
          0,
          0,
          0,
          0,
          null,
          0,
          0,
          null,
          0,
          0,
          0,
          0,
          0,
          0,
          null,
          0,
          0,
          null,
          0,
          0,
          0,
          0,
          null,
          0,
          0,
          0,
          0,
          0,
          null,
          0,
          0,
          null,
          0,
          0,
          null,
          0,
          null,
          0,
          0,
          0,
          0,
          0,
          0,
          0,
          null,
          0,
          0,
          0,
          0,
          0,
          0,
          0,
          null,
          0,
          0,
          0
        ],
        "branches": {}
      },
      "/Users/alexanderchristensen/Projects/software-udvikling/assignments/bachelor-project/munchora/backend/auth-service/app/jobs/application_job.rb": {
        "lines": [
          0,
          null,
          null,
          null,
          null,
          null,
          0
        ],
        "branches": {}
      },
      "/Users/alexanderchristensen/Projects/software-udvikling/assignments/bachelor-project/munchora/backend/auth-service/app/mailers/application_mailer.rb": {
        "lines": [
          0,
          0,
          0,
          0
        ],
        "branches": {}
      },
      "/Users/alexanderchristensen/Projects/software-udvikling/assignments/bachelor-project/munchora/backend/auth-service/app/services/auth/google_auth_service.rb": {
        "lines": [
          0,
          0,
          0,
          0,
          0,
          0,
          0,
          null,
          0,
          0,
          null,
          0,
          null,
          0,
          0,
          0,
          0,
          0,
          0,
          0,
          null,
          0,
          0,
          0,
          null,
          null,
          0,
          0,
          0,
          0,
          0,
          0,
          0,
          0,
          0,
          0,
          null,
          null,
          0,
          0,
          0,
          null,
          0,
          null,
          0,
          0,
          0,
          null,
          0,
          0,
          0,
          0,
          0,
          0,
          0,
          0,
          0,
          0,
          0,
          0,
          0,
          0
        ],
        "branches": {}
      },
      "/Users/alexanderchristensen/Projects/software-udvikling/assignments/bachelor-project/munchora/backend/auth-service/app/services/image_upload/processor.rb": {
        "lines": [
          0,
          0,
          0,
          null,
          0,
          null,
          0,
          0,
          0,
          0,
          0,
          null,
          0,
          0,
          0,
          0,
          0,
          null,
          0,
          null,
          0,
          0,
          0,
          null,
          0,
          null,
          0,
          0,
          null,
          0,
          0,
          null,
          0,
          null,
          0,
          0,
          0,
          null,
          0,
          0,
          0,
          0
        ],
        "branches": {}
      },
      "/Users/alexanderchristensen/Projects/software-udvikling/assignments/bachelor-project/munchora/backend/auth-service/app/services/users/users_uploads_service.rb": {
        "lines": [
          0,
          0,
          0,
          0,
          0,
          0,
          0,
          null,
          0,
          0,
          null,
          0,
          0,
          null,
          0,
          0,
          null,
          0,
          0,
          null,
          0,
          0,
          0,
          0,
          0,
          0,
          0
        ],
        "branches": {}
      }
    },
    "timestamp": 1769097623
  }
}
